<?xml version="1.0" encoding="UTF-8"?>
<testng-results total="1" passed="1" failed="0" skipped="0">
  <reporter-output>
  </reporter-output>
  <suite started-at="2020-10-26T05:51:44Z" name="Suite" finished-at="2020-10-26T05:51:44Z" duration-ms="14">
    <groups>
    </groups>
    <test started-at="2020-10-26T05:51:44Z" name="Test" finished-at="2020-10-26T05:51:44Z" duration-ms="14">
      <class name="exampla.TestingSelenium">
        <test-method is-config="true" signature="beforeTest()[pri:0, instance:exampla.TestingSelenium@693fe6c9]" started-at="2020-10-26T08:51:44Z" name="beforeTest" finished-at="2020-10-26T08:51:44Z" duration-ms="7" status="PASS">
          <reporter-output>
          </reporter-output>
        </test-method> <!-- beforeTest -->
        <test-method signature="f()[pri:0, instance:exampla.TestingSelenium@693fe6c9]" started-at="2020-10-26T08:51:44Z" name="f" finished-at="2020-10-26T08:51:44Z" duration-ms="1" status="PASS">
          <reporter-output>
          </reporter-output>
        </test-method> <!-- f -->
        <test-method is-config="true" signature="afterTest()[pri:0, instance:exampla.TestingSelenium@693fe6c9]" started-at="2020-10-26T08:51:44Z" name="afterTest" finished-at="2020-10-26T08:51:44Z" duration-ms="0" status="PASS">
          <reporter-output>
          </reporter-output>
        </test-method> <!-- afterTest -->
      </class> <!-- exampla.TestingSelenium -->
    </test> <!-- Test -->
  </suite> <!-- Suite -->
</testng-results>
